mktextfm PingFangSC-Regular
mktextfm PingFangSC-Regular
mktextfm PingFangSC-Regular
mktextfm PingFangSC-Regular/BI
mktextfm PingFangSC-Regular
mktextfm PingFangSC-Regular/B
mktextfm PingFangSC-Regular
mktextfm PingFangSC-Regular/I
mktextfm PingFangSC-Regular
mktextfm PingFangSC-Regular
mktextfm PingFangSC-Regular
mktextfm PingFangSC-Regular
mktextfm PingFangSC-Regular
mktextfm PingFangSC-Regular
mktextfm PingFangSC-Regular
mktextfm PingFangSC
mktextfm PingFangSC
mktextfm PingFangSC
mktextfm PingFangSC/BI
mktextfm PingFangSC
mktextfm PingFangSC/B
mktextfm PingFangSC
mktextfm PingFangSC/I
mktextfm PingFangSC
mktextfm PingFangSC
mktextfm PingFangSC
mktextfm PingFangSC
mktextfm PingFangSC
mktextfm PingFangSC
mktextfm PingFangSC
mktextfm PingFang-SC
mktextfm PingFang-SC
mktextfm PingFang-SC
mktextfm PingFang-SC/BI
mktextfm PingFang-SC
mktextfm PingFang-SC/B
mktextfm PingFang-SC
mktextfm PingFang-SC/I
mktextfm PingFang-SC
mktextfm PingFang-SC
mktextfm PingFang-SC
mktextfm PingFang-SC
mktextfm PingFang-SC
mktextfm PingFang-SC
mktextfm PingFang-SC
